Using pre-set license
Built from '2021.3/staging' branch; Version is '2021.3.15f1 (e8e88683f834) revision 15263878'; Using compiler version '192829333'; Build Type 'Release'
OS: 'Windows 11  (10.0.22000) 64bit Professional' Language: 'en' Physical Memory: 16202 MB
BatchMode: 1, IsHumanControllingUs: 0, StartBugReporterOnCrash: 0, Is64bit: 1, IsPro: 1

COMMAND LINE ARGUMENTS:
C:\Program Files\Unity\Hub\Editor\2021.3.15f1\Editor\Unity.exe
-adb2
-batchMode
-noUpm
-name
AssetImportWorker0
-projectPath
C:/Users/user/OneDrive/Documents/GitHub New/The-Shrine/The Shrine
-logFile
Logs/AssetImportWorker0.log
-srvPort
50362
Successfully changed project path to: C:/Users/user/OneDrive/Documents/GitHub New/The-Shrine/The Shrine
C:/Users/user/OneDrive/Documents/GitHub New/The-Shrine/The Shrine
[UnityMemory] Configuration Parameters - Can be set up in boot.config
    "memorysetup-bucket-allocator-granularity=16"
    "memorysetup-bucket-allocator-bucket-count=8"
    "memorysetup-bucket-allocator-block-size=33554432"
    "memorysetup-bucket-allocator-block-count=8"
    "memorysetup-main-allocator-block-size=16777216"
    "memorysetup-thread-allocator-block-size=16777216"
    "memorysetup-gfx-main-allocator-block-size=16777216"
    "memorysetup-gfx-thread-allocator-block-size=16777216"
    "memorysetup-cache-allocator-block-size=4194304"
    "memorysetup-typetree-allocator-block-size=2097152"
    "memorysetup-profiler-bucket-allocator-granularity=16"
    "memorysetup-profiler-bucket-allocator-bucket-count=8"
    "memorysetup-profiler-bucket-allocator-block-size=33554432"
    "memorysetup-profiler-bucket-allocator-block-count=8"
    "memorysetup-profiler-allocator-block-size=16777216"
    "memorysetup-profiler-editor-allocator-block-size=1048576"
    "memorysetup-temp-allocator-size-main=16777216"
    "memorysetup-job-temp-allocator-block-size=2097152"
    "memorysetup-job-temp-allocator-block-size-background=1048576"
    "memorysetup-job-temp-allocator-reduction-small-platforms=262144"
    "memorysetup-temp-allocator-size-background-worker=32768"
    "memorysetup-temp-allocator-size-job-worker=262144"
    "memorysetup-temp-allocator-size-preload-manager=33554432"
    "memorysetup-temp-allocator-size-nav-mesh-worker=65536"
    "memorysetup-temp-allocator-size-audio-worker=65536"
    "memorysetup-temp-allocator-size-cloud-worker=32768"
    "memorysetup-temp-allocator-size-gi-baking-worker=262144"
    "memorysetup-temp-allocator-size-gfx=262144"
Player connection [6504] Host "[IP] 192.168.100.33 [Port] 0 [Flags] 2 [Guid] 3811980076 [EditorId] 3811980076 [Version] 1048832 [Id] WindowsEditor(7,DESKTOP-G0FP7O7) [Debug] 1 [PackageName] WindowsEditor [ProjectName] Editor" joined multi-casting on [225.0.0.222:54997]...

Player connection [6504] Host "[IP] 192.168.100.33 [Port] 0 [Flags] 2 [Guid] 3811980076 [EditorId] 3811980076 [Version] 1048832 [Id] WindowsEditor(7,DESKTOP-G0FP7O7) [Debug] 1 [PackageName] WindowsEditor [ProjectName] Editor" joined alternative multi-casting on [225.0.0.222:34997]...

Refreshing native plugins compatible for Editor in 138.05 ms, found 4 plugins.
Preloading 0 native plugins for Editor in 0.00 ms.
Initialize engine version: 2021.3.15f1 (e8e88683f834)
[Subsystems] Discovering subsystems at path C:/Program Files/Unity/Hub/Editor/2021.3.15f1/Editor/Data/Resources/UnitySubsystems
[Subsystems] Discovering subsystems at path C:/Users/user/OneDrive/Documents/GitHub New/The-Shrine/The Shrine/Assets
GfxDevice: creating device client; threaded=0; jobified=0
Direct3D:
    Version:  Direct3D 11.0 [level 11.1]
    Renderer: NVIDIA GeForce RTX 3050 Laptop GPU (ID=0x25a2)
    Vendor:   NVIDIA
    VRAM:     3991 MB
    Driver:   30.0.15.1165
Initialize mono
Mono path[0] = 'C:/Program Files/Unity/Hub/Editor/2021.3.15f1/Editor/Data/Managed'
Mono path[1] = 'C:/Program Files/Unity/Hub/Editor/2021.3.15f1/Editor/Data/MonoBleedingEdge/lib/mono/unityjit-win32'
Mono config path = 'C:/Program Files/Unity/Hub/Editor/2021.3.15f1/Editor/Data/MonoBleedingEdge/etc'
Using monoOptions --debugger-agent=transport=dt_socket,embedding=1,server=y,suspend=n,address=127.0.0.1:56532
Begin MonoManager ReloadAssembly
Registering precompiled unity dll's ...
Register platform support module: C:/Program Files/Unity/Hub/Editor/2021.3.15f1/Editor/Data/PlaybackEngines/WebGLSupport/UnityEditor.WebGL.Extensions.dll
Register platform support module: C:/Program Files/Unity/Hub/Editor/2021.3.15f1/Editor/Data/PlaybackEngines/WindowsStandaloneSupport/UnityEditor.WindowsStandalone.Extensions.dll
Registered in 0.004711 seconds.
Native extension for WindowsStandalone target not found
Native extension for WebGL target not found
Refreshing native plugins compatible for Editor in 122.03 ms, found 4 plugins.
Preloading 0 native plugins for Editor in 0.00 ms.
Mono: successfully reloaded assembly
- Completed reload, in  0.678 seconds
Domain Reload Profiling:
	ReloadAssembly (678ms)
		BeginReloadAssembly (69ms)
			ExecutionOrderSort (0ms)
			DisableScriptedObjects (0ms)
			BackupInstance (0ms)
			ReleaseScriptingObjects (0ms)
			CreateAndSetChildDomain (1ms)
		EndReloadAssembly (491ms)
			LoadAssemblies (66ms)
			RebuildTransferFunctionScriptingTraits (0ms)
			SetupTypeCache (112ms)
			ReleaseScriptCaches (0ms)
			RebuildScriptCaches (30ms)
			SetupLoadedEditorAssemblies (296ms)
				LogAssemblyErrors (0ms)
				InitializePlatformSupportModulesInManaged (8ms)
				SetLoadedEditorAssemblies (0ms)
				RefreshPlugins (122ms)
				BeforeProcessingInitializeOnLoad (1ms)
				ProcessInitializeOnLoadAttributes (120ms)
				ProcessInitializeOnLoadMethodAttributes (44ms)
				AfterProcessingInitializeOnLoad (0ms)
				EditorAssembliesLoaded (0ms)
			ExecutionOrderSort2 (0ms)
			AwakeInstancesAfterBackupRestoration (0ms)
Platform modules already initialized, skipping
Registering precompiled user dll's ...
Registered in 0.006965 seconds.
Begin MonoManager ReloadAssembly
Symbol file LoadedFromMemory doesn't match image C:\Users\user\OneDrive\Documents\GitHub New\The-Shrine\The Shrine\Library\PackageCache\com.unity.visualscripting@1.7.8\Editor\VisualScripting.Core\Dependencies\YamlDotNet\Unity.VisualScripting.YamlDotNet.dll
Symbol file LoadedFromMemory doesn't match image C:\Users\user\OneDrive\Documents\GitHub New\The-Shrine\The Shrine\Library\PackageCache\com.unity.visualscripting@1.7.8\Editor\VisualScripting.Core\Dependencies\DotNetZip\Unity.VisualScripting.IonicZip.dll
Native extension for WindowsStandalone target not found
Native extension for WebGL target not found
Refreshing native plugins compatible for Editor in 122.08 ms, found 4 plugins.
Preloading 0 native plugins for Editor in 0.00 ms.
Mono: successfully reloaded assembly
- Completed reload, in  1.391 seconds
Domain Reload Profiling:
	ReloadAssembly (1392ms)
		BeginReloadAssembly (106ms)
			ExecutionOrderSort (0ms)
			DisableScriptedObjects (6ms)
			BackupInstance (0ms)
			ReleaseScriptingObjects (0ms)
			CreateAndSetChildDomain (21ms)
		EndReloadAssembly (1172ms)
			LoadAssemblies (87ms)
			RebuildTransferFunctionScriptingTraits (0ms)
			SetupTypeCache (294ms)
			ReleaseScriptCaches (1ms)
			RebuildScriptCaches (78ms)
			SetupLoadedEditorAssemblies (660ms)
				LogAssemblyErrors (0ms)
				InitializePlatformSupportModulesInManaged (5ms)
				SetLoadedEditorAssemblies (0ms)
				RefreshPlugins (122ms)
				BeforeProcessingInitializeOnLoad (137ms)
				ProcessInitializeOnLoadAttributes (293ms)
				ProcessInitializeOnLoadMethodAttributes (98ms)
				AfterProcessingInitializeOnLoad (5ms)
				EditorAssembliesLoaded (0ms)
			ExecutionOrderSort2 (0ms)
			AwakeInstancesAfterBackupRestoration (5ms)
Platform modules already initialized, skipping
========================================================================
Worker process is ready to serve import requests
Launched and connected shader compiler UnityShaderCompiler.exe after 0.03 seconds
Refreshing native plugins compatible for Editor in 0.96 ms, found 4 plugins.
Preloading 0 native plugins for Editor in 0.00 ms.
Unloading 5701 Unused Serialized files (Serialized files now loaded: 0)
Unloading 56 unused Assets / (0.8 MB). Loaded Objects now: 6150.
Memory consumption went from 222.9 MB to 222.2 MB.
Total: 4.275000 ms (FindLiveObjects: 0.509300 ms CreateObjectMapping: 0.534400 ms MarkObjects: 2.933300 ms  DeleteObjects: 0.297000 ms)

AssetImportParameters requested are different than current active one (requested -> active):
  custom:video-decoder-ogg-theora: a1e56fd34408186e4bbccfd4996cb3dc -> 
  custom:container-muxer-webm: aa71ff27fc2769a1b78a27578f13a17b -> 
  custom:container-demuxer-webm: 4f35f7cbe854078d1ac9338744f61a02 -> 
  custom:video-encoder-webm-vp8: eb34c28f22e8b96e1ab97ce403110664 -> 
  custom:audio-encoder-webm-vorbis: bf7c407c2cedff20999df2af8eb42d56 -> 
  custom:framework-win-MediaFoundation: 216162199b28c13a410421893ffa2e32 -> 
  custom:container-demuxer-ogg: 62fdf1f143b41e24485cea50d1cbac27 -> 
  custom:video-decoder-webm-vp8: 9c59270c3fd7afecdb556c50c9e8de78 -> 
  custom:audio-decoder-ogg-vorbis: bf7c407c2cedff20999df2af8eb42d56 -> 
========================================================================
Received Import Request.
  Time since last request: 564.700507 seconds.
  path: Assets/UniversalRenderPipelineGlobalSettings.asset
  artifactKey: Guid(d952b292eed1d064b827bb08807e7166) Importer(815301076,1909f56bfc062723c751e8b465ee728b)
Start importing Assets/UniversalRenderPipelineGlobalSettings.asset using Guid(d952b292eed1d064b827bb08807e7166) Importer(815301076,1909f56bfc062723c751e8b465ee728b)  -> (artifact id: '13ac1b50bc1a3d0296f5b29ddf398f48') in 0.037252 seconds 
========================================================================
Received Import Request.
  Time since last request: 7.438151 seconds.
  path: Assets/Art Assets
  artifactKey: Guid(ea7e4235f4ed0d84dbb591ed809195ec) Importer(815301076,1909f56bfc062723c751e8b465ee728b)
Start importing Assets/Art Assets using Guid(ea7e4235f4ed0d84dbb591ed809195ec) Importer(815301076,1909f56bfc062723c751e8b465ee728b)  -> (artifact id: '24245239ddce037351f35ae40ab20166') in 0.008940 seconds 
========================================================================
Received Import Request.
  Time since last request: 1.440011 seconds.
  path: Assets/Art Assets/Animations
  artifactKey: Guid(e3c897ea871cd9a4baf4cc3105af7cf6) Importer(815301076,1909f56bfc062723c751e8b465ee728b)
Start importing Assets/Art Assets/Animations using Guid(e3c897ea871cd9a4baf4cc3105af7cf6) Importer(815301076,1909f56bfc062723c751e8b465ee728b)  -> (artifact id: '9aee1ad2286cd6e0d108e77794fd10ac') in 0.009674 seconds 
========================================================================
Received Import Request.
  Time since last request: 0.062170 seconds.
  path: Assets/Art Assets/Animations/TrapDoor.controller
  artifactKey: Guid(af9968e7a3285fb408437b9c9167effa) Importer(815301076,1909f56bfc062723c751e8b465ee728b)
Start importing Assets/Art Assets/Animations/TrapDoor.controller using Guid(af9968e7a3285fb408437b9c9167effa) Importer(815301076,1909f56bfc062723c751e8b465ee728b)  -> (artifact id: 'b50f72f2d10baa84610173f59fb23a5e') in 0.011419 seconds 
========================================================================
Received Import Request.
  Time since last request: 4.707958 seconds.
  path: Assets/Art Assets/Background
  artifactKey: Guid(e3f987e9cbb8dd8419bc48f60e3c1d26) Importer(815301076,1909f56bfc062723c751e8b465ee728b)
Start importing Assets/Art Assets/Background using Guid(e3f987e9cbb8dd8419bc48f60e3c1d26) Importer(815301076,1909f56bfc062723c751e8b465ee728b)  -> (artifact id: '15017c6f8c0a3f3ad45df58dc1fd8258') in 0.008916 seconds 
========================================================================
Received Import Request.
  Time since last request: 0.042587 seconds.
  path: Assets/Art Assets/Background/limbowallpaper.png
  artifactKey: Guid(ad4767f006e4d66428b1bec391633dd7) Importer(815301076,1909f56bfc062723c751e8b465ee728b)
Start importing Assets/Art Assets/Background/limbowallpaper.png using Guid(ad4767f006e4d66428b1bec391633dd7) Importer(815301076,1909f56bfc062723c751e8b465ee728b)  -> (artifact id: '18c01614b4ccafce03f9312faa8392aa') in 0.253758 seconds 
========================================================================
Received Import Request.
  Time since last request: 1.521104 seconds.
  path: Assets/Art Assets/Sprites
  artifactKey: Guid(1514256481568f0408b7cbc96be90c29) Importer(815301076,1909f56bfc062723c751e8b465ee728b)
Start importing Assets/Art Assets/Sprites using Guid(1514256481568f0408b7cbc96be90c29) Importer(815301076,1909f56bfc062723c751e8b465ee728b)  -> (artifact id: 'da3b488ef84d028475b76d0b082b6d8e') in 0.008678 seconds 
========================================================================
Received Import Request.
  Time since last request: 2.458858 seconds.
  path: Assets/Art Assets/Sprites/Player
  artifactKey: Guid(63da58fb32094bd43ae5803d70adc3ee) Importer(815301076,1909f56bfc062723c751e8b465ee728b)
Start importing Assets/Art Assets/Sprites/Player using Guid(63da58fb32094bd43ae5803d70adc3ee) Importer(815301076,1909f56bfc062723c751e8b465ee728b)  -> (artifact id: 'dbdb3e2f760c0941dfb53d7f1852d1ed') in 0.013542 seconds 
========================================================================
Received Import Request.
  Time since last request: 0.013630 seconds.
  path: Assets/Art Assets/Sprites/Player/Asher.png
  artifactKey: Guid(2a6d53b16f1d61746a8869aaa135829d) Importer(815301076,1909f56bfc062723c751e8b465ee728b)
Start importing Assets/Art Assets/Sprites/Player/Asher.png using Guid(2a6d53b16f1d61746a8869aaa135829d) Importer(815301076,1909f56bfc062723c751e8b465ee728b)  -> (artifact id: 'c5f13ab743a26625e34bd1507ed8cb4b') in 0.034931 seconds 
========================================================================
Received Import Request.
  Time since last request: 0.000031 seconds.
  path: Assets/Art Assets/Sprites/Player/Asher_push.png
  artifactKey: Guid(916a03d92d135ad4da5f0788919bc176) Importer(815301076,1909f56bfc062723c751e8b465ee728b)
Start importing Assets/Art Assets/Sprites/Player/Asher_push.png using Guid(916a03d92d135ad4da5f0788919bc176) Importer(815301076,1909f56bfc062723c751e8b465ee728b)  -> (artifact id: 'cfeb63093b823d8d960905df6b4a028e') in 0.025691 seconds 
========================================================================
Received Import Request.
  Time since last request: 3.855385 seconds.
  path: Assets/Art Assets/Sprites/Objects
  artifactKey: Guid(52272126aba623743b55c954890d4f5f) Importer(815301076,1909f56bfc062723c751e8b465ee728b)
Start importing Assets/Art Assets/Sprites/Objects using Guid(52272126aba623743b55c954890d4f5f) Importer(815301076,1909f56bfc062723c751e8b465ee728b)  -> (artifact id: 'dff6a4402ce85339ecc759bc4aac6d17') in 0.019353 seconds 
========================================================================
Received Import Request.
  Time since last request: 0.018887 seconds.
  path: Assets/Art Assets/Sprites/Objects/Crate.png
  artifactKey: Guid(e7a879d64146b3d47bc6af96861acc43) Importer(815301076,1909f56bfc062723c751e8b465ee728b)
Start importing Assets/Art Assets/Sprites/Objects/Crate.png using Guid(e7a879d64146b3d47bc6af96861acc43) Importer(815301076,1909f56bfc062723c751e8b465ee728b)  -> (artifact id: 'c7a02b583043e206039c508ff27e7813') in 0.024445 seconds 
========================================================================
Received Import Request.
  Time since last request: 0.000023 seconds.
  path: Assets/Art Assets/Sprites/Objects/Trapdoor_Open.png
  artifactKey: Guid(9afc06bf829503b4abcd2361c46fcb14) Importer(815301076,1909f56bfc062723c751e8b465ee728b)
Start importing Assets/Art Assets/Sprites/Objects/Trapdoor_Open.png using Guid(9afc06bf829503b4abcd2361c46fcb14) Importer(815301076,1909f56bfc062723c751e8b465ee728b)  -> (artifact id: 'f3e0a0a41e42df3f26b7054cf7da38b9') in 0.021976 seconds 
========================================================================
Received Import Request.
  Time since last request: 0.000023 seconds.
  path: Assets/Art Assets/Sprites/Objects/Trapdoor_Closed.png
  artifactKey: Guid(0fa62ee485fb95944b2bd02e92fb1e8b) Importer(815301076,1909f56bfc062723c751e8b465ee728b)
Start importing Assets/Art Assets/Sprites/Objects/Trapdoor_Closed.png using Guid(0fa62ee485fb95944b2bd02e92fb1e8b) Importer(815301076,1909f56bfc062723c751e8b465ee728b)  -> (artifact id: 'e31f16dab3beac4fda917fcda41d071e') in 0.021637 seconds 
========================================================================
Received Import Request.
  Time since last request: 11.437874 seconds.
  path: Assets/Art Assets/Sprites/UI
  artifactKey: Guid(a07cf4216abd5aa4a83871ff83ed4d18) Importer(815301076,1909f56bfc062723c751e8b465ee728b)
Start importing Assets/Art Assets/Sprites/UI using Guid(a07cf4216abd5aa4a83871ff83ed4d18) Importer(815301076,1909f56bfc062723c751e8b465ee728b)  -> (artifact id: '746224523209244bf8fa61c5ec46b3fd') in 0.011150 seconds 
========================================================================
Received Import Request.
  Time since last request: 0.013421 seconds.
  path: Assets/Art Assets/Sprites/UI/Meter.png
  artifactKey: Guid(b37a2e7cf70f75c43b798ef9a524c45e) Importer(815301076,1909f56bfc062723c751e8b465ee728b)
Start importing Assets/Art Assets/Sprites/UI/Meter.png using Guid(b37a2e7cf70f75c43b798ef9a524c45e) Importer(815301076,1909f56bfc062723c751e8b465ee728b)  -> (artifact id: 'b86dc681534ed982e44b31288cc458a1') in 0.020313 seconds 
========================================================================
Received Import Request.
  Time since last request: 7.565211 seconds.
  path: Assets/Scenes
  artifactKey: Guid(109e9bdd0fcc649c5bc59085c35bdc83) Importer(815301076,1909f56bfc062723c751e8b465ee728b)
Start importing Assets/Scenes using Guid(109e9bdd0fcc649c5bc59085c35bdc83) Importer(815301076,1909f56bfc062723c751e8b465ee728b)  -> (artifact id: 'dc551c28631bb03ca9b61942ea6fe31a') in 0.008282 seconds 
========================================================================
Received Import Request.
  Time since last request: 1.325539 seconds.
  path: Assets/Scenes/Level01.unity
  artifactKey: Guid(878260b746deade4a8b4d3135f5ce515) Importer(815301076,1909f56bfc062723c751e8b465ee728b)
Start importing Assets/Scenes/Level01.unity using Guid(878260b746deade4a8b4d3135f5ce515) Importer(815301076,1909f56bfc062723c751e8b465ee728b)  -> (artifact id: 'ab4e92b3b8940edcd9da07c79d75817b') in 0.008919 seconds 
========================================================================
Received Import Request.
  Time since last request: 1.356344 seconds.
  path: Assets/ScriptableObjects
  artifactKey: Guid(7fd27e841ed83b44385722322516d94b) Importer(815301076,1909f56bfc062723c751e8b465ee728b)
Start importing Assets/ScriptableObjects using Guid(7fd27e841ed83b44385722322516d94b) Importer(815301076,1909f56bfc062723c751e8b465ee728b)  -> (artifact id: '3c789e9884122d9c949039cf5133b231') in 0.007931 seconds 
========================================================================
Received Import Request.
  Time since last request: 0.960574 seconds.
  path: Assets/ScriptableObjects/Controllers
  artifactKey: Guid(05240e1bb98255843ae6379709f62a60) Importer(815301076,1909f56bfc062723c751e8b465ee728b)
Start importing Assets/ScriptableObjects/Controllers using Guid(05240e1bb98255843ae6379709f62a60) Importer(815301076,1909f56bfc062723c751e8b465ee728b)  -> (artifact id: 'b842829ef206c276e6c0708ec42f79ee') in 0.008088 seconds 
========================================================================
Received Import Request.
  Time since last request: 0.025987 seconds.
  path: Assets/ScriptableObjects/Controllers/AIController.asset
  artifactKey: Guid(4a145b0e3d5933e4797e1c5040e2d72f) Importer(815301076,1909f56bfc062723c751e8b465ee728b)
Start importing Assets/ScriptableObjects/Controllers/AIController.asset using Guid(4a145b0e3d5933e4797e1c5040e2d72f) Importer(815301076,1909f56bfc062723c751e8b465ee728b)  -> (artifact id: '3ededb6d2af1588f9076462356439b19') in 0.007770 seconds 
========================================================================
Received Import Request.
  Time since last request: 0.000021 seconds.
  path: Assets/ScriptableObjects/Controllers/PlayerController.asset
  artifactKey: Guid(7c49f5edaf8d1804991a8e6393ead7f2) Importer(815301076,1909f56bfc062723c751e8b465ee728b)
Start importing Assets/ScriptableObjects/Controllers/PlayerController.asset using Guid(7c49f5edaf8d1804991a8e6393ead7f2) Importer(815301076,1909f56bfc062723c751e8b465ee728b)  -> (artifact id: '11203cd824d3308391c489885ff81e64') in 0.011834 seconds 
========================================================================
Received Import Request.
  Time since last request: 3.437638 seconds.
  path: Assets/Scripts
  artifactKey: Guid(522a2fb5635aca04b904e5a00c97a38a) Importer(815301076,1909f56bfc062723c751e8b465ee728b)
Start importing Assets/Scripts using Guid(522a2fb5635aca04b904e5a00c97a38a) Importer(815301076,1909f56bfc062723c751e8b465ee728b)  -> (artifact id: '0ca65e8130cbd51bee3ee243f6e8c53f') in 0.011915 seconds 
========================================================================
Received Import Request.
  Time since last request: 1.477104 seconds.
  path: Assets/Scripts/Capabilities
  artifactKey: Guid(94080453026f5fa45b84574dd7d267b6) Importer(815301076,1909f56bfc062723c751e8b465ee728b)
Start importing Assets/Scripts/Capabilities using Guid(94080453026f5fa45b84574dd7d267b6) Importer(815301076,1909f56bfc062723c751e8b465ee728b)  -> (artifact id: '2cf08a3268a31414af1f27bdbbbe901b') in 0.009795 seconds 
========================================================================
Received Import Request.
  Time since last request: 0.302802 seconds.
  path: Assets/Scripts/Checks
  artifactKey: Guid(94e850342ab40b84d877cfa6c8ecd08d) Importer(815301076,1909f56bfc062723c751e8b465ee728b)
Start importing Assets/Scripts/Checks using Guid(94e850342ab40b84d877cfa6c8ecd08d) Importer(815301076,1909f56bfc062723c751e8b465ee728b)  -> (artifact id: 'a9e04f93a05194a49ab2517cb9da4f9d') in 0.009829 seconds 
========================================================================
Received Import Request.
  Time since last request: 0.328960 seconds.
  path: Assets/Scripts/Controllers
  artifactKey: Guid(2bd1eab0f6733634fa3de6dd76bbd9ab) Importer(815301076,1909f56bfc062723c751e8b465ee728b)
Start importing Assets/Scripts/Controllers using Guid(2bd1eab0f6733634fa3de6dd76bbd9ab) Importer(815301076,1909f56bfc062723c751e8b465ee728b)  -> (artifact id: '8789b09134082edb745a51fe057e54d2') in 0.012486 seconds 
========================================================================
Received Import Request.
  Time since last request: 1.217161 seconds.
  path: Assets/Scripts/Environment
  artifactKey: Guid(63d79efb6d6310542b27eb7a32467087) Importer(815301076,1909f56bfc062723c751e8b465ee728b)
Start importing Assets/Scripts/Environment using Guid(63d79efb6d6310542b27eb7a32467087) Importer(815301076,1909f56bfc062723c751e8b465ee728b)  -> (artifact id: '2ef9400af5208562d199616d2574b799') in 0.009431 seconds 
========================================================================
Received Import Request.
  Time since last request: 0.547627 seconds.
  path: Assets/Scripts/Player
  artifactKey: Guid(128d149c16158e043a4e6e62d25fbe14) Importer(815301076,1909f56bfc062723c751e8b465ee728b)
Start importing Assets/Scripts/Player using Guid(128d149c16158e043a4e6e62d25fbe14) Importer(815301076,1909f56bfc062723c751e8b465ee728b)  -> (artifact id: '43dbcd47d2b474088a4bf28bb1e1ce29') in 0.002042 seconds 
========================================================================
Received Import Request.
  Time since last request: 9.512649 seconds.
  path: Assets/Scripts/Checks/CollisionDataRetriever.cs
  artifactKey: Guid(10d46ce52d10202408eba34ee93d5de4) Importer(815301076,1909f56bfc062723c751e8b465ee728b)
Start importing Assets/Scripts/Checks/CollisionDataRetriever.cs using Guid(10d46ce52d10202408eba34ee93d5de4) Importer(815301076,1909f56bfc062723c751e8b465ee728b)  -> (artifact id: 'a443fe84949d4e88b73e0718d6f46703') in 0.013878 seconds 
========================================================================
Received Import Request.
  Time since last request: 2.538050 seconds.
  path: Assets/Scripts/Checks/Ground.cs
  artifactKey: Guid(16598daa7e2779549b43b426a8b1c4c8) Importer(815301076,1909f56bfc062723c751e8b465ee728b)
Start importing Assets/Scripts/Checks/Ground.cs using Guid(16598daa7e2779549b43b426a8b1c4c8) Importer(815301076,1909f56bfc062723c751e8b465ee728b)  -> (artifact id: '19e058046c5016e835cac3a3b4a3d39b') in 0.008388 seconds 
========================================================================
Received Import Request.
  Time since last request: 4.112369 seconds.
  path: Assets/Scripts/Controllers/AIController.cs
  artifactKey: Guid(7148e17db7a99e3488d23f1358c78b80) Importer(815301076,1909f56bfc062723c751e8b465ee728b)
Start importing Assets/Scripts/Controllers/AIController.cs using Guid(7148e17db7a99e3488d23f1358c78b80) Importer(815301076,1909f56bfc062723c751e8b465ee728b)  -> (artifact id: '3f023510155668bb7d6619f7a2639608') in 0.002439 seconds 
========================================================================
Received Import Request.
  Time since last request: 2.369821 seconds.
  path: Assets/Scripts/Controllers/Controller.cs
  artifactKey: Guid(8e16c3ed0aec1d047bf5a76e4a29eaa0) Importer(815301076,1909f56bfc062723c751e8b465ee728b)
Start importing Assets/Scripts/Controllers/Controller.cs using Guid(8e16c3ed0aec1d047bf5a76e4a29eaa0) Importer(815301076,1909f56bfc062723c751e8b465ee728b)  -> (artifact id: '63bc0efe5d15f6a711dda90a74837eae') in 0.009319 seconds 
========================================================================
Received Import Request.
  Time since last request: 3.543165 seconds.
  path: Assets/Scripts/Controllers/InputController.cs
  artifactKey: Guid(8d5ad805c65dfac4e966242164fa8d47) Importer(815301076,1909f56bfc062723c751e8b465ee728b)
Start importing Assets/Scripts/Controllers/InputController.cs using Guid(8d5ad805c65dfac4e966242164fa8d47) Importer(815301076,1909f56bfc062723c751e8b465ee728b)  -> (artifact id: '2cf1d38f6c3604baaad91ee7b66fe7ef') in 0.010413 seconds 
========================================================================
Received Import Request.
  Time since last request: 0.923052 seconds.
  path: Assets/Scripts/Controllers/PlayerController.cs
  artifactKey: Guid(db961bcdb8ded72499e7410f0c84619d) Importer(815301076,1909f56bfc062723c751e8b465ee728b)
Start importing Assets/Scripts/Controllers/PlayerController.cs using Guid(db961bcdb8ded72499e7410f0c84619d) Importer(815301076,1909f56bfc062723c751e8b465ee728b)  -> (artifact id: '558a7bcc29c37ce88bcd9515334ae6b3') in 0.001893 seconds 
========================================================================
Received Import Request.
  Time since last request: 4.568926 seconds.
  path: Assets/Scripts/Environment/InteractObject.cs
  artifactKey: Guid(d7504227e41383b45b04d789e2ddb006) Importer(815301076,1909f56bfc062723c751e8b465ee728b)
Start importing Assets/Scripts/Environment/InteractObject.cs using Guid(d7504227e41383b45b04d789e2ddb006) Importer(815301076,1909f56bfc062723c751e8b465ee728b)  -> (artifact id: '4e4ad106287aa02f3655636d35bf4800') in 0.012659 seconds 
========================================================================
Received Import Request.
  Time since last request: 0.371931 seconds.
  path: Assets/Scripts/Environment/ObjectPhysics.cs
  artifactKey: Guid(afe4da5427f7412478cc38348b39cfbb) Importer(815301076,1909f56bfc062723c751e8b465ee728b)
Start importing Assets/Scripts/Environment/ObjectPhysics.cs using Guid(afe4da5427f7412478cc38348b39cfbb) Importer(815301076,1909f56bfc062723c751e8b465ee728b)  -> (artifact id: '0b8fae965d40e3106b00c5a56bcfea2b') in 0.014034 seconds 
========================================================================
Received Import Request.
  Time since last request: 0.322416 seconds.
  path: Assets/Scripts/Environment/TrapdoorController.cs
  artifactKey: Guid(7869fcb2bd9372b46a249140fdfe27ff) Importer(815301076,1909f56bfc062723c751e8b465ee728b)
Start importing Assets/Scripts/Environment/TrapdoorController.cs using Guid(7869fcb2bd9372b46a249140fdfe27ff) Importer(815301076,1909f56bfc062723c751e8b465ee728b)  -> (artifact id: '21bc4f04fcd627c811e06bc3128c62e3') in 0.011396 seconds 
========================================================================
Received Import Request.
  Time since last request: 13.417578 seconds.
  path: Assets/Scripts/Enemy
  artifactKey: Guid(9982797781b0f894cae285d811b3df2d) Importer(815301076,1909f56bfc062723c751e8b465ee728b)
Start importing Assets/Scripts/Enemy using Guid(9982797781b0f894cae285d811b3df2d) Importer(815301076,1909f56bfc062723c751e8b465ee728b)  -> (artifact id: 'ce30e34a9b9ec69647f6050a670b142b') in 0.009871 seconds 
========================================================================
Received Import Request.
  Time since last request: 11.287212 seconds.
  path: Assets/TextMesh Pro
  artifactKey: Guid(f54d1bd14bd3ca042bd867b519fee8cc) Importer(815301076,1909f56bfc062723c751e8b465ee728b)
Start importing Assets/TextMesh Pro using Guid(f54d1bd14bd3ca042bd867b519fee8cc) Importer(815301076,1909f56bfc062723c751e8b465ee728b)  -> (artifact id: '6d457b26d2bc8024e58729449d46e968') in 0.007861 seconds 
========================================================================
Received Import Request.
  Time since last request: 2.282281 seconds.
  path: Assets/Settings
  artifactKey: Guid(0220aab0833d04faeb927d84ca6cc40c) Importer(815301076,1909f56bfc062723c751e8b465ee728b)
Start importing Assets/Settings using Guid(0220aab0833d04faeb927d84ca6cc40c) Importer(815301076,1909f56bfc062723c751e8b465ee728b)  -> (artifact id: '25cb18a7d52fb760c1d987232f46fab9') in 0.009211 seconds 
========================================================================
Received Import Request.
  Time since last request: 0.026294 seconds.
  path: Assets/Settings/Lit2DSceneTemplate.scenetemplate
  artifactKey: Guid(d03ed43fc9d8a4f2e9fa70c1c7916eb9) Importer(815301076,1909f56bfc062723c751e8b465ee728b)
Start importing Assets/Settings/Lit2DSceneTemplate.scenetemplate using Guid(d03ed43fc9d8a4f2e9fa70c1c7916eb9) Importer(815301076,1909f56bfc062723c751e8b465ee728b)  -> (artifact id: 'c2d891e05196c8a0476ba19061504894') in 0.111847 seconds 
========================================================================
Received Import Request.
  Time since last request: 0.000025 seconds.
  path: Assets/Settings/UniversalRP.asset
  artifactKey: Guid(681886c5eb7344803b6206f758bf0b1c) Importer(815301076,1909f56bfc062723c751e8b465ee728b)
Start importing Assets/Settings/UniversalRP.asset using Guid(681886c5eb7344803b6206f758bf0b1c) Importer(815301076,1909f56bfc062723c751e8b465ee728b)  -> (artifact id: '4f32402741679e166e6f4c0b390951e1') in 0.018108 seconds 
========================================================================
Received Import Request.
  Time since last request: 0.000036 seconds.
  path: Assets/Settings/Renderer2D.asset
  artifactKey: Guid(424799608f7334c24bf367e4bbfa7f9a) Importer(815301076,1909f56bfc062723c751e8b465ee728b)
Start importing Assets/Settings/Renderer2D.asset using Guid(424799608f7334c24bf367e4bbfa7f9a) Importer(815301076,1909f56bfc062723c751e8b465ee728b)  -> (artifact id: '13d983e8e46830c21d777fa86a32e8fa') in 0.017991 seconds 
========================================================================
Received Import Request.
  Time since last request: 435.869829 seconds.
  path: Assets/Art Assets/Tiles
  artifactKey: Guid(b432a9fe5bf02cd41a1b2b55e013ff6d) Importer(815301076,1909f56bfc062723c751e8b465ee728b)
Start importing Assets/Art Assets/Tiles using Guid(b432a9fe5bf02cd41a1b2b55e013ff6d) Importer(815301076,1909f56bfc062723c751e8b465ee728b)  -> (artifact id: '3c4671be88cba3510aba80d489ab4243') in 0.008711 seconds 
========================================================================
Received Import Request.
  Time since last request: 6.814450 seconds.
  path: Assets/Art Assets/Tiles/platform_bridge.png
  artifactKey: Guid(af1c9f8512457b4459d91f35b5ee839a) Importer(815301076,1909f56bfc062723c751e8b465ee728b)
Start importing Assets/Art Assets/Tiles/platform_bridge.png using Guid(af1c9f8512457b4459d91f35b5ee839a) Importer(815301076,1909f56bfc062723c751e8b465ee728b)  -> (artifact id: 'f5022379cf41613750ac54d353cdc734') in 0.135056 seconds 
========================================================================
Received Import Request.
  Time since last request: 0.000024 seconds.
  path: Assets/Art Assets/Tiles/platforms_slopelong.png
  artifactKey: Guid(da31af722bad0ed4497dc641ed3cdcbb) Importer(815301076,1909f56bfc062723c751e8b465ee728b)
Start importing Assets/Art Assets/Tiles/platforms_slopelong.png using Guid(da31af722bad0ed4497dc641ed3cdcbb) Importer(815301076,1909f56bfc062723c751e8b465ee728b)  -> (artifact id: 'b0047accb45d7f16b1da03c887df9b88') in 0.112729 seconds 
========================================================================
Received Import Request.
  Time since last request: 0.000032 seconds.
  path: Assets/Art Assets/Tiles/platforms_long.png
  artifactKey: Guid(3208eabb73c0e884ebcb2d70be8627d9) Importer(815301076,1909f56bfc062723c751e8b465ee728b)
Start importing Assets/Art Assets/Tiles/platforms_long.png using Guid(3208eabb73c0e884ebcb2d70be8627d9) Importer(815301076,1909f56bfc062723c751e8b465ee728b)  -> (artifact id: 'ce747a5b010eb4c9c64a0db599f0c88f') in 0.107025 seconds 
========================================================================
Received Import Request.
  Time since last request: 0.000019 seconds.
  path: Assets/Art Assets/Tiles/platforms_back.png
  artifactKey: Guid(e8036b6dfdb0277479bc12db4dcc35db) Importer(815301076,1909f56bfc062723c751e8b465ee728b)
Start importing Assets/Art Assets/Tiles/platforms_back.png using Guid(e8036b6dfdb0277479bc12db4dcc35db) Importer(815301076,1909f56bfc062723c751e8b465ee728b)  -> (artifact id: '971c1e7341e12a8b0d260b843cf124bd') in 0.095927 seconds 
========================================================================
Received Import Request.
  Time since last request: 0.000030 seconds.
  path: Assets/Art Assets/Tiles/platforms_slopeshort.png
  artifactKey: Guid(0e1fd5d0601b35545a6dd85981fde1ee) Importer(815301076,1909f56bfc062723c751e8b465ee728b)
Start importing Assets/Art Assets/Tiles/platforms_slopeshort.png using Guid(0e1fd5d0601b35545a6dd85981fde1ee) Importer(815301076,1909f56bfc062723c751e8b465ee728b)  -> (artifact id: '42d345e7bc5f72dc8299ebf2f14a0a9d') in 0.079454 seconds 
========================================================================
Received Import Request.
  Time since last request: 0.000029 seconds.
  path: Assets/Art Assets/Tiles/platforms_short.png
  artifactKey: Guid(8d2eb831deecdaa4891482c4ec3612c5) Importer(815301076,1909f56bfc062723c751e8b465ee728b)
Start importing Assets/Art Assets/Tiles/platforms_short.png using Guid(8d2eb831deecdaa4891482c4ec3612c5) Importer(815301076,1909f56bfc062723c751e8b465ee728b)  -> (artifact id: '7e882739627c62875daac5f63eef2b83') in 0.059275 seconds 
========================================================================
Received Import Request.
  Time since last request: 281.941901 seconds.
  path: Assets/Scripts/Environment/TiltPlatform.cs
  artifactKey: Guid(505de8b6893ae3a47a92f57f1e3deb9c) Importer(815301076,1909f56bfc062723c751e8b465ee728b)
Start importing Assets/Scripts/Environment/TiltPlatform.cs using Guid(505de8b6893ae3a47a92f57f1e3deb9c) Importer(815301076,1909f56bfc062723c751e8b465ee728b)  -> (artifact id: '07b3abd811a123c00d91b6a0a8cf979e') in 0.002914 seconds 
========================================================================
Received Import Request.
  Time since last request: 35.680311 seconds.
  path: Assets/Scripts/Environment/TiltPlatform.cs
  artifactKey: Guid(505de8b6893ae3a47a92f57f1e3deb9c) Importer(815301076,1909f56bfc062723c751e8b465ee728b)
Start importing Assets/Scripts/Environment/TiltPlatform.cs using Guid(505de8b6893ae3a47a92f57f1e3deb9c) Importer(815301076,1909f56bfc062723c751e8b465ee728b)  -> (artifact id: 'b8e40f87c20c4081776e0c196dc9dca6') in 0.001811 seconds 
========================================================================
Received Prepare
Registering precompiled user dll's ...
Registered in 0.009290 seconds.
Begin MonoManager ReloadAssembly
Symbol file LoadedFromMemory doesn't match image C:\Users\user\OneDrive\Documents\GitHub New\The-Shrine\The Shrine\Library\PackageCache\com.unity.visualscripting@1.7.8\Editor\VisualScripting.Core\Dependencies\YamlDotNet\Unity.VisualScripting.YamlDotNet.dll
Symbol file LoadedFromMemory doesn't match image C:\Users\user\OneDrive\Documents\GitHub New\The-Shrine\The Shrine\Library\PackageCache\com.unity.visualscripting@1.7.8\Editor\VisualScripting.Core\Dependencies\DotNetZip\Unity.VisualScripting.IonicZip.dll
Native extension for WindowsStandalone target not found
Native extension for WebGL target not found
Refreshing native plugins compatible for Editor in 1.05 ms, found 4 plugins.
Preloading 0 native plugins for Editor in 0.00 ms.
Mono: successfully reloaded assembly
- Completed reload, in  1.234 seconds
Domain Reload Profiling:
	ReloadAssembly (1235ms)
		BeginReloadAssembly (133ms)
			ExecutionOrderSort (0ms)
			DisableScriptedObjects (7ms)
			BackupInstance (0ms)
			ReleaseScriptingObjects (0ms)
			CreateAndSetChildDomain (44ms)
		EndReloadAssembly (1000ms)
			LoadAssemblies (85ms)
			RebuildTransferFunctionScriptingTraits (0ms)
			SetupTypeCache (283ms)
			ReleaseScriptCaches (2ms)
			RebuildScriptCaches (57ms)
			SetupLoadedEditorAssemblies (484ms)
				LogAssemblyErrors (0ms)
				InitializePlatformSupportModulesInManaged (14ms)
				SetLoadedEditorAssemblies (0ms)
				RefreshPlugins (1ms)
				BeforeProcessingInitializeOnLoad (96ms)
				ProcessInitializeOnLoadAttributes (278ms)
				ProcessInitializeOnLoadMethodAttributes (89ms)
				AfterProcessingInitializeOnLoad (6ms)
				EditorAssembliesLoaded (0ms)
			ExecutionOrderSort2 (0ms)
			AwakeInstancesAfterBackupRestoration (9ms)
Platform modules already initialized, skipping
Refreshing native plugins compatible for Editor in 2.63 ms, found 4 plugins.
Preloading 0 native plugins for Editor in 0.00 ms.
Unloading 5559 Unused Serialized files (Serialized files now loaded: 0)
Unloading 33 unused Assets / (0.8 MB). Loaded Objects now: 6206.
Memory consumption went from 216.3 MB to 215.6 MB.
Total: 4.122700 ms (FindLiveObjects: 0.382800 ms CreateObjectMapping: 0.361500 ms MarkObjects: 2.815500 ms  DeleteObjects: 0.562100 ms)

AssetImportParameters requested are different than current active one (requested -> active):
  custom:video-decoder-ogg-theora: a1e56fd34408186e4bbccfd4996cb3dc -> 
  custom:container-muxer-webm: aa71ff27fc2769a1b78a27578f13a17b -> 
  custom:container-demuxer-webm: 4f35f7cbe854078d1ac9338744f61a02 -> 
  custom:video-encoder-webm-vp8: eb34c28f22e8b96e1ab97ce403110664 -> 
  custom:audio-encoder-webm-vorbis: bf7c407c2cedff20999df2af8eb42d56 -> 
  custom:framework-win-MediaFoundation: 216162199b28c13a410421893ffa2e32 -> 
  custom:container-demuxer-ogg: 62fdf1f143b41e24485cea50d1cbac27 -> 
  custom:video-decoder-webm-vp8: 9c59270c3fd7afecdb556c50c9e8de78 -> 
  custom:audio-decoder-ogg-vorbis: bf7c407c2cedff20999df2af8eb42d56 -> 
========================================================================
Received Import Request.
  Time since last request: 286.096483 seconds.
  path: Assets/Scripts/Enemy/EnemyPatrol.cs
  artifactKey: Guid(a6de65243cd78bc4dba07cf7493e365e) Importer(815301076,1909f56bfc062723c751e8b465ee728b)
Start importing Assets/Scripts/Enemy/EnemyPatrol.cs using Guid(a6de65243cd78bc4dba07cf7493e365e) Importer(815301076,1909f56bfc062723c751e8b465ee728b)  -> (artifact id: 'c7016ba3265149a49a96f124615a96da') in 0.018028 seconds 
========================================================================
Received Prepare
Registering precompiled user dll's ...
Registered in 0.006902 seconds.
Begin MonoManager ReloadAssembly
Symbol file LoadedFromMemory doesn't match image C:\Users\user\OneDrive\Documents\GitHub New\The-Shrine\The Shrine\Library\PackageCache\com.unity.visualscripting@1.7.8\Editor\VisualScripting.Core\Dependencies\YamlDotNet\Unity.VisualScripting.YamlDotNet.dll
Symbol file LoadedFromMemory doesn't match image C:\Users\user\OneDrive\Documents\GitHub New\The-Shrine\The Shrine\Library\PackageCache\com.unity.visualscripting@1.7.8\Editor\VisualScripting.Core\Dependencies\DotNetZip\Unity.VisualScripting.IonicZip.dll
Native extension for WindowsStandalone target not found
Native extension for WebGL target not found
Refreshing native plugins compatible for Editor in 3.66 ms, found 4 plugins.
Preloading 0 native plugins for Editor in 0.00 ms.
Mono: successfully reloaded assembly
- Completed reload, in  1.859 seconds
Domain Reload Profiling:
	ReloadAssembly (1860ms)
		BeginReloadAssembly (148ms)
			ExecutionOrderSort (0ms)
			DisableScriptedObjects (6ms)
			BackupInstance (0ms)
			ReleaseScriptingObjects (0ms)
			CreateAndSetChildDomain (44ms)
		EndReloadAssembly (1613ms)
			LoadAssemblies (109ms)
			RebuildTransferFunctionScriptingTraits (0ms)
			SetupTypeCache (452ms)
			ReleaseScriptCaches (3ms)
			RebuildScriptCaches (61ms)
			SetupLoadedEditorAssemblies (923ms)
				LogAssemblyErrors (0ms)
				InitializePlatformSupportModulesInManaged (17ms)
				SetLoadedEditorAssemblies (1ms)
				RefreshPlugins (4ms)
				BeforeProcessingInitializeOnLoad (144ms)
				ProcessInitializeOnLoadAttributes (482ms)
				ProcessInitializeOnLoadMethodAttributes (267ms)
				AfterProcessingInitializeOnLoad (8ms)
				EditorAssembliesLoaded (0ms)
			ExecutionOrderSort2 (0ms)
			AwakeInstancesAfterBackupRestoration (11ms)
Platform modules already initialized, skipping
Refreshing native plugins compatible for Editor in 2.76 ms, found 4 plugins.
Preloading 0 native plugins for Editor in 0.00 ms.
Unloading 5558 Unused Serialized files (Serialized files now loaded: 0)
Unloading 31 unused Assets / (0.8 MB). Loaded Objects now: 6222.
Memory consumption went from 216.3 MB to 215.6 MB.
Total: 5.705900 ms (FindLiveObjects: 0.542800 ms CreateObjectMapping: 0.535100 ms MarkObjects: 4.304200 ms  DeleteObjects: 0.322800 ms)

AssetImportParameters requested are different than current active one (requested -> active):
  custom:video-decoder-ogg-theora: a1e56fd34408186e4bbccfd4996cb3dc -> 
  custom:container-muxer-webm: aa71ff27fc2769a1b78a27578f13a17b -> 
  custom:container-demuxer-webm: 4f35f7cbe854078d1ac9338744f61a02 -> 
  custom:video-encoder-webm-vp8: eb34c28f22e8b96e1ab97ce403110664 -> 
  custom:audio-encoder-webm-vorbis: bf7c407c2cedff20999df2af8eb42d56 -> 
  custom:framework-win-MediaFoundation: 216162199b28c13a410421893ffa2e32 -> 
  custom:container-demuxer-ogg: 62fdf1f143b41e24485cea50d1cbac27 -> 
  custom:video-decoder-webm-vp8: 9c59270c3fd7afecdb556c50c9e8de78 -> 
  custom:audio-decoder-ogg-vorbis: bf7c407c2cedff20999df2af8eb42d56 -> 
========================================================================
Received Prepare
Registering precompiled user dll's ...
Registered in 0.007014 seconds.
Begin MonoManager ReloadAssembly
Symbol file LoadedFromMemory doesn't match image C:\Users\user\OneDrive\Documents\GitHub New\The-Shrine\The Shrine\Library\PackageCache\com.unity.visualscripting@1.7.8\Editor\VisualScripting.Core\Dependencies\YamlDotNet\Unity.VisualScripting.YamlDotNet.dll
Symbol file LoadedFromMemory doesn't match image C:\Users\user\OneDrive\Documents\GitHub New\The-Shrine\The Shrine\Library\PackageCache\com.unity.visualscripting@1.7.8\Editor\VisualScripting.Core\Dependencies\DotNetZip\Unity.VisualScripting.IonicZip.dll
Native extension for WindowsStandalone target not found
Native extension for WebGL target not found
Refreshing native plugins compatible for Editor in 0.98 ms, found 4 plugins.
Preloading 0 native plugins for Editor in 0.00 ms.
Mono: successfully reloaded assembly
- Completed reload, in  1.254 seconds
Domain Reload Profiling:
	ReloadAssembly (1255ms)
		BeginReloadAssembly (148ms)
			ExecutionOrderSort (0ms)
			DisableScriptedObjects (7ms)
			BackupInstance (0ms)
			ReleaseScriptingObjects (0ms)
			CreateAndSetChildDomain (46ms)
		EndReloadAssembly (1001ms)
			LoadAssemblies (104ms)
			RebuildTransferFunctionScriptingTraits (0ms)
			SetupTypeCache (303ms)
			ReleaseScriptCaches (2ms)
			RebuildScriptCaches (61ms)
			SetupLoadedEditorAssemblies (470ms)
				LogAssemblyErrors (0ms)
				InitializePlatformSupportModulesInManaged (13ms)
				SetLoadedEditorAssemblies (0ms)
				RefreshPlugins (1ms)
				BeforeProcessingInitializeOnLoad (95ms)
				ProcessInitializeOnLoadAttributes (265ms)
				ProcessInitializeOnLoadMethodAttributes (87ms)
				AfterProcessingInitializeOnLoad (8ms)
				EditorAssembliesLoaded (0ms)
			ExecutionOrderSort2 (0ms)
			AwakeInstancesAfterBackupRestoration (11ms)
Platform modules already initialized, skipping
Refreshing native plugins compatible for Editor in 2.72 ms, found 4 plugins.
Preloading 0 native plugins for Editor in 0.00 ms.
Unloading 5558 Unused Serialized files (Serialized files now loaded: 0)
Unloading 31 unused Assets / (0.8 MB). Loaded Objects now: 6237.
Memory consumption went from 216.3 MB to 215.6 MB.
Total: 4.247900 ms (FindLiveObjects: 0.460700 ms CreateObjectMapping: 0.398300 ms MarkObjects: 3.029400 ms  DeleteObjects: 0.358500 ms)

AssetImportParameters requested are different than current active one (requested -> active):
  custom:video-decoder-ogg-theora: a1e56fd34408186e4bbccfd4996cb3dc -> 
  custom:container-muxer-webm: aa71ff27fc2769a1b78a27578f13a17b -> 
  custom:container-demuxer-webm: 4f35f7cbe854078d1ac9338744f61a02 -> 
  custom:video-encoder-webm-vp8: eb34c28f22e8b96e1ab97ce403110664 -> 
  custom:audio-encoder-webm-vorbis: bf7c407c2cedff20999df2af8eb42d56 -> 
  custom:framework-win-MediaFoundation: 216162199b28c13a410421893ffa2e32 -> 
  custom:container-demuxer-ogg: 62fdf1f143b41e24485cea50d1cbac27 -> 
  custom:video-decoder-webm-vp8: 9c59270c3fd7afecdb556c50c9e8de78 -> 
  custom:audio-decoder-ogg-vorbis: bf7c407c2cedff20999df2af8eb42d56 -> 
========================================================================
Received Import Request.
  Time since last request: 19.533881 seconds.
  path: Assets/Scripts/Enemy/EnemyPatrol.cs
  artifactKey: Guid(a6de65243cd78bc4dba07cf7493e365e) Importer(815301076,1909f56bfc062723c751e8b465ee728b)
Start importing Assets/Scripts/Enemy/EnemyPatrol.cs using Guid(a6de65243cd78bc4dba07cf7493e365e) Importer(815301076,1909f56bfc062723c751e8b465ee728b)  -> (artifact id: 'c7975d4f8b1999ec66d010c6a6c6c6f4') in 0.009270 seconds 
========================================================================
Received Import Request.
  Time since last request: 157.229643 seconds.
  path: Assets/Scripts/Enemy/EnemyChase.cs
  artifactKey: Guid(881012cfb8c293241a1a4fe303e1d871) Importer(815301076,1909f56bfc062723c751e8b465ee728b)
Start importing Assets/Scripts/Enemy/EnemyChase.cs using Guid(881012cfb8c293241a1a4fe303e1d871) Importer(815301076,1909f56bfc062723c751e8b465ee728b)  -> (artifact id: 'd0797ab4efe7732c24cec43bb2aef67e') in 0.002506 seconds 
========================================================================
Received Prepare
Registering precompiled user dll's ...
Registered in 0.010103 seconds.
Begin MonoManager ReloadAssembly
Symbol file LoadedFromMemory doesn't match image C:\Users\user\OneDrive\Documents\GitHub New\The-Shrine\The Shrine\Library\PackageCache\com.unity.visualscripting@1.7.8\Editor\VisualScripting.Core\Dependencies\YamlDotNet\Unity.VisualScripting.YamlDotNet.dll
Symbol file LoadedFromMemory doesn't match image C:\Users\user\OneDrive\Documents\GitHub New\The-Shrine\The Shrine\Library\PackageCache\com.unity.visualscripting@1.7.8\Editor\VisualScripting.Core\Dependencies\DotNetZip\Unity.VisualScripting.IonicZip.dll
Native extension for WindowsStandalone target not found
Native extension for WebGL target not found
Refreshing native plugins compatible for Editor in 1.05 ms, found 4 plugins.
Preloading 0 native plugins for Editor in 0.00 ms.
Mono: successfully reloaded assembly
- Completed reload, in  1.564 seconds
Domain Reload Profiling:
	ReloadAssembly (1565ms)
		BeginReloadAssembly (219ms)
			ExecutionOrderSort (0ms)
			DisableScriptedObjects (7ms)
			BackupInstance (0ms)
			ReleaseScriptingObjects (0ms)
			CreateAndSetChildDomain (50ms)
		EndReloadAssembly (1182ms)
			LoadAssemblies (217ms)
			RebuildTransferFunctionScriptingTraits (0ms)
			SetupTypeCache (312ms)
			ReleaseScriptCaches (2ms)
			RebuildScriptCaches (59ms)
			SetupLoadedEditorAssemblies (590ms)
				LogAssemblyErrors (0ms)
				InitializePlatformSupportModulesInManaged (12ms)
				SetLoadedEditorAssemblies (1ms)
				RefreshPlugins (1ms)
				BeforeProcessingInitializeOnLoad (112ms)
				ProcessInitializeOnLoadAttributes (341ms)
				ProcessInitializeOnLoadMethodAttributes (117ms)
				AfterProcessingInitializeOnLoad (6ms)
				EditorAssembliesLoaded (0ms)
			ExecutionOrderSort2 (0ms)
			AwakeInstancesAfterBackupRestoration (11ms)
Platform modules already initialized, skipping
Refreshing native plugins compatible for Editor in 5.66 ms, found 4 plugins.
Preloading 0 native plugins for Editor in 0.00 ms.
Unloading 5559 Unused Serialized files (Serialized files now loaded: 0)
Unloading 31 unused Assets / (0.8 MB). Loaded Objects now: 6253.
Memory consumption went from 216.4 MB to 215.7 MB.
Total: 7.113800 ms (FindLiveObjects: 0.718100 ms CreateObjectMapping: 0.681100 ms MarkObjects: 5.311000 ms  DeleteObjects: 0.401800 ms)

AssetImportParameters requested are different than current active one (requested -> active):
  custom:video-decoder-ogg-theora: a1e56fd34408186e4bbccfd4996cb3dc -> 
  custom:container-muxer-webm: aa71ff27fc2769a1b78a27578f13a17b -> 
  custom:container-demuxer-webm: 4f35f7cbe854078d1ac9338744f61a02 -> 
  custom:video-encoder-webm-vp8: eb34c28f22e8b96e1ab97ce403110664 -> 
  custom:audio-encoder-webm-vorbis: bf7c407c2cedff20999df2af8eb42d56 -> 
  custom:framework-win-MediaFoundation: 216162199b28c13a410421893ffa2e32 -> 
  custom:container-demuxer-ogg: 62fdf1f143b41e24485cea50d1cbac27 -> 
  custom:video-decoder-webm-vp8: 9c59270c3fd7afecdb556c50c9e8de78 -> 
  custom:audio-decoder-ogg-vorbis: bf7c407c2cedff20999df2af8eb42d56 -> 
========================================================================
Received Import Request.
  Time since last request: 17.240966 seconds.
  path: Assets/Scripts/Enemy/EnemyChase.cs
  artifactKey: Guid(881012cfb8c293241a1a4fe303e1d871) Importer(815301076,1909f56bfc062723c751e8b465ee728b)
Start importing Assets/Scripts/Enemy/EnemyChase.cs using Guid(881012cfb8c293241a1a4fe303e1d871) Importer(815301076,1909f56bfc062723c751e8b465ee728b)  -> (artifact id: '64709a7758b1e4a4c4e1a8d15dfeadfb') in 0.010889 seconds 
========================================================================
Received Prepare
Registering precompiled user dll's ...
Registered in 0.005991 seconds.
Begin MonoManager ReloadAssembly
Symbol file LoadedFromMemory doesn't match image C:\Users\user\OneDrive\Documents\GitHub New\The-Shrine\The Shrine\Library\PackageCache\com.unity.visualscripting@1.7.8\Editor\VisualScripting.Core\Dependencies\YamlDotNet\Unity.VisualScripting.YamlDotNet.dll
Symbol file LoadedFromMemory doesn't match image C:\Users\user\OneDrive\Documents\GitHub New\The-Shrine\The Shrine\Library\PackageCache\com.unity.visualscripting@1.7.8\Editor\VisualScripting.Core\Dependencies\DotNetZip\Unity.VisualScripting.IonicZip.dll
Native extension for WindowsStandalone target not found
Native extension for WebGL target not found
Refreshing native plugins compatible for Editor in 1.68 ms, found 4 plugins.
Preloading 0 native plugins for Editor in 0.00 ms.
Mono: successfully reloaded assembly
- Completed reload, in  1.266 seconds
Domain Reload Profiling:
	ReloadAssembly (1266ms)
		BeginReloadAssembly (157ms)
			ExecutionOrderSort (0ms)
			DisableScriptedObjects (7ms)
			BackupInstance (0ms)
			ReleaseScriptingObjects (0ms)
			CreateAndSetChildDomain (50ms)
		EndReloadAssembly (1007ms)
			LoadAssemblies (101ms)
			RebuildTransferFunctionScriptingTraits (0ms)
			SetupTypeCache (314ms)
			ReleaseScriptCaches (2ms)
			RebuildScriptCaches (66ms)
			SetupLoadedEditorAssemblies (462ms)
				LogAssemblyErrors (0ms)
				InitializePlatformSupportModulesInManaged (13ms)
				SetLoadedEditorAssemblies (1ms)
				RefreshPlugins (2ms)
				BeforeProcessingInitializeOnLoad (101ms)
				ProcessInitializeOnLoadAttributes (255ms)
				ProcessInitializeOnLoadMethodAttributes (86ms)
				AfterProcessingInitializeOnLoad (5ms)
				EditorAssembliesLoaded (0ms)
			ExecutionOrderSort2 (0ms)
			AwakeInstancesAfterBackupRestoration (8ms)
Platform modules already initialized, skipping
Refreshing native plugins compatible for Editor in 3.99 ms, found 4 plugins.
Preloading 0 native plugins for Editor in 0.00 ms.
Unloading 5559 Unused Serialized files (Serialized files now loaded: 0)
Unloading 31 unused Assets / (0.8 MB). Loaded Objects now: 6268.
Memory consumption went from 216.4 MB to 215.7 MB.
Total: 4.383800 ms (FindLiveObjects: 0.403200 ms CreateObjectMapping: 0.362600 ms MarkObjects: 3.314000 ms  DeleteObjects: 0.303300 ms)

AssetImportParameters requested are different than current active one (requested -> active):
  custom:video-decoder-ogg-theora: a1e56fd34408186e4bbccfd4996cb3dc -> 
  custom:container-muxer-webm: aa71ff27fc2769a1b78a27578f13a17b -> 
  custom:container-demuxer-webm: 4f35f7cbe854078d1ac9338744f61a02 -> 
  custom:video-encoder-webm-vp8: eb34c28f22e8b96e1ab97ce403110664 -> 
  custom:audio-encoder-webm-vorbis: bf7c407c2cedff20999df2af8eb42d56 -> 
  custom:framework-win-MediaFoundation: 216162199b28c13a410421893ffa2e32 -> 
  custom:container-demuxer-ogg: 62fdf1f143b41e24485cea50d1cbac27 -> 
  custom:video-decoder-webm-vp8: 9c59270c3fd7afecdb556c50c9e8de78 -> 
  custom:audio-decoder-ogg-vorbis: bf7c407c2cedff20999df2af8eb42d56 -> 
========================================================================
Received Import Request.
  Time since last request: 41.201750 seconds.
  path: Assets/Scripts/Enemy/hide.cs
  artifactKey: Guid(d3f61abcf5d40d44c91d0ffbaf1866bb) Importer(815301076,1909f56bfc062723c751e8b465ee728b)
Start importing Assets/Scripts/Enemy/hide.cs using Guid(d3f61abcf5d40d44c91d0ffbaf1866bb) Importer(815301076,1909f56bfc062723c751e8b465ee728b)  -> (artifact id: 'd65ddaba6a9c57c3e6be1410747d8a7e') in 0.012807 seconds 
========================================================================
Received Prepare
Registering precompiled user dll's ...
Registered in 0.005877 seconds.
Begin MonoManager ReloadAssembly
Symbol file LoadedFromMemory doesn't match image C:\Users\user\OneDrive\Documents\GitHub New\The-Shrine\The Shrine\Library\PackageCache\com.unity.visualscripting@1.7.8\Editor\VisualScripting.Core\Dependencies\YamlDotNet\Unity.VisualScripting.YamlDotNet.dll
Symbol file LoadedFromMemory doesn't match image C:\Users\user\OneDrive\Documents\GitHub New\The-Shrine\The Shrine\Library\PackageCache\com.unity.visualscripting@1.7.8\Editor\VisualScripting.Core\Dependencies\DotNetZip\Unity.VisualScripting.IonicZip.dll
Native extension for WindowsStandalone target not found
Native extension for WebGL target not found
Refreshing native plugins compatible for Editor in 0.97 ms, found 4 plugins.
Preloading 0 native plugins for Editor in 0.00 ms.
Mono: successfully reloaded assembly
- Completed reload, in  1.198 seconds
Domain Reload Profiling:
	ReloadAssembly (1199ms)
		BeginReloadAssembly (142ms)
			ExecutionOrderSort (0ms)
			DisableScriptedObjects (7ms)
			BackupInstance (0ms)
			ReleaseScriptingObjects (0ms)
			CreateAndSetChildDomain (46ms)
		EndReloadAssembly (950ms)
			LoadAssemblies (93ms)
			RebuildTransferFunctionScriptingTraits (0ms)
			SetupTypeCache (276ms)
			ReleaseScriptCaches (2ms)
			RebuildScriptCaches (63ms)
			SetupLoadedEditorAssemblies (459ms)
				LogAssemblyErrors (0ms)
				InitializePlatformSupportModulesInManaged (12ms)
				SetLoadedEditorAssemblies (0ms)
				RefreshPlugins (1ms)
				BeforeProcessingInitializeOnLoad (97ms)
				ProcessInitializeOnLoadAttributes (256ms)
				ProcessInitializeOnLoadMethodAttributes (87ms)
				AfterProcessingInitializeOnLoad (5ms)
				EditorAssembliesLoaded (0ms)
			ExecutionOrderSort2 (0ms)
			AwakeInstancesAfterBackupRestoration (9ms)
Platform modules already initialized, skipping
Refreshing native plugins compatible for Editor in 2.48 ms, found 4 plugins.
Preloading 0 native plugins for Editor in 0.00 ms.
Unloading 5560 Unused Serialized files (Serialized files now loaded: 0)
Unloading 31 unused Assets / (0.8 MB). Loaded Objects now: 6284.
Memory consumption went from 216.5 MB to 215.7 MB.
Total: 4.361700 ms (FindLiveObjects: 0.433300 ms CreateObjectMapping: 0.418500 ms MarkObjects: 3.111000 ms  DeleteObjects: 0.397800 ms)

AssetImportParameters requested are different than current active one (requested -> active):
  custom:video-decoder-ogg-theora: a1e56fd34408186e4bbccfd4996cb3dc -> 
  custom:container-muxer-webm: aa71ff27fc2769a1b78a27578f13a17b -> 
  custom:container-demuxer-webm: 4f35f7cbe854078d1ac9338744f61a02 -> 
  custom:video-encoder-webm-vp8: eb34c28f22e8b96e1ab97ce403110664 -> 
  custom:audio-encoder-webm-vorbis: bf7c407c2cedff20999df2af8eb42d56 -> 
  custom:framework-win-MediaFoundation: 216162199b28c13a410421893ffa2e32 -> 
  custom:container-demuxer-ogg: 62fdf1f143b41e24485cea50d1cbac27 -> 
  custom:video-decoder-webm-vp8: 9c59270c3fd7afecdb556c50c9e8de78 -> 
  custom:audio-decoder-ogg-vorbis: bf7c407c2cedff20999df2af8eb42d56 -> 
========================================================================
Received Import Request.
  Time since last request: 13.389295 seconds.
  path: Assets/Scripts/Enemy/hide.cs
  artifactKey: Guid(d3f61abcf5d40d44c91d0ffbaf1866bb) Importer(815301076,1909f56bfc062723c751e8b465ee728b)
Start importing Assets/Scripts/Enemy/hide.cs using Guid(d3f61abcf5d40d44c91d0ffbaf1866bb) Importer(815301076,1909f56bfc062723c751e8b465ee728b)  -> (artifact id: 'e8f3f166f136d005f495839068e379dc') in 0.009047 seconds 
========================================================================
Received Prepare
Registering precompiled user dll's ...
Registered in 0.006286 seconds.
Begin MonoManager ReloadAssembly
Symbol file LoadedFromMemory doesn't match image C:\Users\user\OneDrive\Documents\GitHub New\The-Shrine\The Shrine\Library\PackageCache\com.unity.visualscripting@1.7.8\Editor\VisualScripting.Core\Dependencies\YamlDotNet\Unity.VisualScripting.YamlDotNet.dll
Symbol file LoadedFromMemory doesn't match image C:\Users\user\OneDrive\Documents\GitHub New\The-Shrine\The Shrine\Library\PackageCache\com.unity.visualscripting@1.7.8\Editor\VisualScripting.Core\Dependencies\DotNetZip\Unity.VisualScripting.IonicZip.dll
Native extension for WindowsStandalone target not found
Native extension for WebGL target not found
Refreshing native plugins compatible for Editor in 1.16 ms, found 4 plugins.
Preloading 0 native plugins for Editor in 0.00 ms.
Mono: successfully reloaded assembly
- Completed reload, in  1.172 seconds
Domain Reload Profiling:
	ReloadAssembly (1173ms)
		BeginReloadAssembly (140ms)
			ExecutionOrderSort (0ms)
			DisableScriptedObjects (10ms)
			BackupInstance (0ms)
			ReleaseScriptingObjects (0ms)
			CreateAndSetChildDomain (49ms)
		EndReloadAssembly (938ms)
			LoadAssemblies (81ms)
			RebuildTransferFunctionScriptingTraits (0ms)
			SetupTypeCache (266ms)
			ReleaseScriptCaches (2ms)
			RebuildScriptCaches (67ms)
			SetupLoadedEditorAssemblies (462ms)
				LogAssemblyErrors (0ms)
				InitializePlatformSupportModulesInManaged (12ms)
				SetLoadedEditorAssemblies (0ms)
				RefreshPlugins (1ms)
				BeforeProcessingInitializeOnLoad (94ms)
				ProcessInitializeOnLoadAttributes (259ms)
				ProcessInitializeOnLoadMethodAttributes (89ms)
				AfterProcessingInitializeOnLoad (6ms)
				EditorAssembliesLoaded (0ms)
			ExecutionOrderSort2 (0ms)
			AwakeInstancesAfterBackupRestoration (8ms)
Platform modules already initialized, skipping
Refreshing native plugins compatible for Editor in 2.43 ms, found 4 plugins.
Preloading 0 native plugins for Editor in 0.00 ms.
Unloading 5560 Unused Serialized files (Serialized files now loaded: 0)
Unloading 31 unused Assets / (0.8 MB). Loaded Objects now: 6299.
Memory consumption went from 216.5 MB to 215.7 MB.
Total: 4.514700 ms (FindLiveObjects: 0.518000 ms CreateObjectMapping: 0.396100 ms MarkObjects: 3.230400 ms  DeleteObjects: 0.369000 ms)

AssetImportParameters requested are different than current active one (requested -> active):
  custom:video-decoder-ogg-theora: a1e56fd34408186e4bbccfd4996cb3dc -> 
  custom:container-muxer-webm: aa71ff27fc2769a1b78a27578f13a17b -> 
  custom:container-demuxer-webm: 4f35f7cbe854078d1ac9338744f61a02 -> 
  custom:video-encoder-webm-vp8: eb34c28f22e8b96e1ab97ce403110664 -> 
  custom:audio-encoder-webm-vorbis: bf7c407c2cedff20999df2af8eb42d56 -> 
  custom:framework-win-MediaFoundation: 216162199b28c13a410421893ffa2e32 -> 
  custom:container-demuxer-ogg: 62fdf1f143b41e24485cea50d1cbac27 -> 
  custom:video-decoder-webm-vp8: 9c59270c3fd7afecdb556c50c9e8de78 -> 
  custom:audio-decoder-ogg-vorbis: bf7c407c2cedff20999df2af8eb42d56 -> 
========================================================================
Received Import Request.
  Time since last request: 22.646506 seconds.
  path: Assets/Scripts/Enemy/unhide.cs
  artifactKey: Guid(bea9aa04927dded4c84d7c768159e21d) Importer(815301076,1909f56bfc062723c751e8b465ee728b)
Start importing Assets/Scripts/Enemy/unhide.cs using Guid(bea9aa04927dded4c84d7c768159e21d) Importer(815301076,1909f56bfc062723c751e8b465ee728b)  -> (artifact id: '306915dc48e481910b046c7d2d544ecb') in 0.010190 seconds 
========================================================================
Received Prepare
Registering precompiled user dll's ...
Registered in 0.008857 seconds.
Begin MonoManager ReloadAssembly
Symbol file LoadedFromMemory doesn't match image C:\Users\user\OneDrive\Documents\GitHub New\The-Shrine\The Shrine\Library\PackageCache\com.unity.visualscripting@1.7.8\Editor\VisualScripting.Core\Dependencies\YamlDotNet\Unity.VisualScripting.YamlDotNet.dll
Symbol file LoadedFromMemory doesn't match image C:\Users\user\OneDrive\Documents\GitHub New\The-Shrine\The Shrine\Library\PackageCache\com.unity.visualscripting@1.7.8\Editor\VisualScripting.Core\Dependencies\DotNetZip\Unity.VisualScripting.IonicZip.dll
Native extension for WindowsStandalone target not found
Native extension for WebGL target not found
Refreshing native plugins compatible for Editor in 0.87 ms, found 4 plugins.
Preloading 0 native plugins for Editor in 0.00 ms.
Mono: successfully reloaded assembly
- Completed reload, in  1.215 seconds
Domain Reload Profiling:
	ReloadAssembly (1215ms)
		BeginReloadAssembly (136ms)
			ExecutionOrderSort (0ms)
			DisableScriptedObjects (6ms)
			BackupInstance (0ms)
			ReleaseScriptingObjects (0ms)
			CreateAndSetChildDomain (43ms)
		EndReloadAssembly (977ms)
			LoadAssemblies (89ms)
			RebuildTransferFunctionScriptingTraits (0ms)
			SetupTypeCache (271ms)
			ReleaseScriptCaches (2ms)
			RebuildScriptCaches (56ms)
			SetupLoadedEditorAssemblies (498ms)
				LogAssemblyErrors (0ms)
				InitializePlatformSupportModulesInManaged (14ms)
				SetLoadedEditorAssemblies (0ms)
				RefreshPlugins (1ms)
				BeforeProcessingInitializeOnLoad (93ms)
				ProcessInitializeOnLoadAttributes (271ms)
				ProcessInitializeOnLoadMethodAttributes (112ms)
				AfterProcessingInitializeOnLoad (7ms)
				EditorAssembliesLoaded (0ms)
			ExecutionOrderSort2 (0ms)
			AwakeInstancesAfterBackupRestoration (11ms)
Platform modules already initialized, skipping
Refreshing native plugins compatible for Editor in 2.43 ms, found 4 plugins.
Preloading 0 native plugins for Editor in 0.00 ms.
Unloading 5561 Unused Serialized files (Serialized files now loaded: 0)
Unloading 31 unused Assets / (0.8 MB). Loaded Objects now: 6315.
Memory consumption went from 216.5 MB to 215.8 MB.
Total: 4.031000 ms (FindLiveObjects: 0.408600 ms CreateObjectMapping: 0.421500 ms MarkObjects: 2.809500 ms  DeleteObjects: 0.390700 ms)

AssetImportParameters requested are different than current active one (requested -> active):
  custom:video-decoder-ogg-theora: a1e56fd34408186e4bbccfd4996cb3dc -> 
  custom:container-muxer-webm: aa71ff27fc2769a1b78a27578f13a17b -> 
  custom:container-demuxer-webm: 4f35f7cbe854078d1ac9338744f61a02 -> 
  custom:video-encoder-webm-vp8: eb34c28f22e8b96e1ab97ce403110664 -> 
  custom:audio-encoder-webm-vorbis: bf7c407c2cedff20999df2af8eb42d56 -> 
  custom:framework-win-MediaFoundation: 216162199b28c13a410421893ffa2e32 -> 
  custom:container-demuxer-ogg: 62fdf1f143b41e24485cea50d1cbac27 -> 
  custom:video-decoder-webm-vp8: 9c59270c3fd7afecdb556c50c9e8de78 -> 
  custom:audio-decoder-ogg-vorbis: bf7c407c2cedff20999df2af8eb42d56 -> 
========================================================================
Received Import Request.
  Time since last request: 10.763058 seconds.
  path: Assets/Scripts/Enemy/unhide.cs
  artifactKey: Guid(bea9aa04927dded4c84d7c768159e21d) Importer(815301076,1909f56bfc062723c751e8b465ee728b)
Start importing Assets/Scripts/Enemy/unhide.cs using Guid(bea9aa04927dded4c84d7c768159e21d) Importer(815301076,1909f56bfc062723c751e8b465ee728b)  -> (artifact id: 'c516af7c38b9fd35e4d534a72c468aa9') in 0.009399 seconds 
========================================================================
Received Prepare
Registering precompiled user dll's ...
Registered in 0.006559 seconds.
Begin MonoManager ReloadAssembly
Symbol file LoadedFromMemory doesn't match image C:\Users\user\OneDrive\Documents\GitHub New\The-Shrine\The Shrine\Library\PackageCache\com.unity.visualscripting@1.7.8\Editor\VisualScripting.Core\Dependencies\YamlDotNet\Unity.VisualScripting.YamlDotNet.dll
Symbol file LoadedFromMemory doesn't match image C:\Users\user\OneDrive\Documents\GitHub New\The-Shrine\The Shrine\Library\PackageCache\com.unity.visualscripting@1.7.8\Editor\VisualScripting.Core\Dependencies\DotNetZip\Unity.VisualScripting.IonicZip.dll
Native extension for WindowsStandalone target not found
Native extension for WebGL target not found
Refreshing native plugins compatible for Editor in 0.93 ms, found 4 plugins.
Preloading 0 native plugins for Editor in 0.00 ms.
Mono: successfully reloaded assembly
- Completed reload, in  1.209 seconds
Domain Reload Profiling:
	ReloadAssembly (1210ms)
		BeginReloadAssembly (143ms)
			ExecutionOrderSort (0ms)
			DisableScriptedObjects (8ms)
			BackupInstance (0ms)
			ReleaseScriptingObjects (0ms)
			CreateAndSetChildDomain (47ms)
		EndReloadAssembly (956ms)
			LoadAssemblies (94ms)
			RebuildTransferFunctionScriptingTraits (0ms)
			SetupTypeCache (276ms)
			ReleaseScriptCaches (2ms)
			RebuildScriptCaches (55ms)
			SetupLoadedEditorAssemblies (473ms)
				LogAssemblyErrors (0ms)
				InitializePlatformSupportModulesInManaged (12ms)
				SetLoadedEditorAssemblies (0ms)
				RefreshPlugins (1ms)
				BeforeProcessingInitializeOnLoad (98ms)
				ProcessInitializeOnLoadAttributes (266ms)
				ProcessInitializeOnLoadMethodAttributes (90ms)
				AfterProcessingInitializeOnLoad (6ms)
				EditorAssembliesLoaded (0ms)
			ExecutionOrderSort2 (0ms)
			AwakeInstancesAfterBackupRestoration (8ms)
Platform modules already initialized, skipping
Refreshing native plugins compatible for Editor in 2.61 ms, found 4 plugins.
Preloading 0 native plugins for Editor in 0.00 ms.
Unloading 5561 Unused Serialized files (Serialized files now loaded: 0)
Unloading 31 unused Assets / (0.8 MB). Loaded Objects now: 6330.
Memory consumption went from 216.8 MB to 216.0 MB.
Total: 4.303600 ms (FindLiveObjects: 0.488500 ms CreateObjectMapping: 0.378400 ms MarkObjects: 3.035700 ms  DeleteObjects: 0.400000 ms)

AssetImportParameters requested are different than current active one (requested -> active):
  custom:video-decoder-ogg-theora: a1e56fd34408186e4bbccfd4996cb3dc -> 
  custom:container-muxer-webm: aa71ff27fc2769a1b78a27578f13a17b -> 
  custom:container-demuxer-webm: 4f35f7cbe854078d1ac9338744f61a02 -> 
  custom:video-encoder-webm-vp8: eb34c28f22e8b96e1ab97ce403110664 -> 
  custom:audio-encoder-webm-vorbis: bf7c407c2cedff20999df2af8eb42d56 -> 
  custom:framework-win-MediaFoundation: 216162199b28c13a410421893ffa2e32 -> 
  custom:container-demuxer-ogg: 62fdf1f143b41e24485cea50d1cbac27 -> 
  custom:video-decoder-webm-vp8: 9c59270c3fd7afecdb556c50c9e8de78 -> 
  custom:audio-decoder-ogg-vorbis: bf7c407c2cedff20999df2af8eb42d56 -> 
========================================================================
Received Import Request.
  Time since last request: 222.819477 seconds.
  path: Assets/Scripts/Environment/ParallaxBackground.cs
  artifactKey: Guid(30a8e72dde6378e45b78a6afcdcc064c) Importer(815301076,1909f56bfc062723c751e8b465ee728b)
Start importing Assets/Scripts/Environment/ParallaxBackground.cs using Guid(30a8e72dde6378e45b78a6afcdcc064c) Importer(815301076,1909f56bfc062723c751e8b465ee728b)  -> (artifact id: '32e20b502bf033219537ca0064df443e') in 0.023227 seconds 
========================================================================
Received Prepare
Registering precompiled user dll's ...
Registered in 0.006881 seconds.
Begin MonoManager ReloadAssembly
Symbol file LoadedFromMemory doesn't match image C:\Users\user\OneDrive\Documents\GitHub New\The-Shrine\The Shrine\Library\PackageCache\com.unity.visualscripting@1.7.8\Editor\VisualScripting.Core\Dependencies\YamlDotNet\Unity.VisualScripting.YamlDotNet.dll
Symbol file LoadedFromMemory doesn't match image C:\Users\user\OneDrive\Documents\GitHub New\The-Shrine\The Shrine\Library\PackageCache\com.unity.visualscripting@1.7.8\Editor\VisualScripting.Core\Dependencies\DotNetZip\Unity.VisualScripting.IonicZip.dll
Native extension for WindowsStandalone target not found
Native extension for WebGL target not found
Refreshing native plugins compatible for Editor in 0.93 ms, found 4 plugins.
Preloading 0 native plugins for Editor in 0.00 ms.
Mono: successfully reloaded assembly
- Completed reload, in  1.198 seconds
Domain Reload Profiling:
	ReloadAssembly (1199ms)
		BeginReloadAssembly (129ms)
			ExecutionOrderSort (0ms)
			DisableScriptedObjects (7ms)
			BackupInstance (0ms)
			ReleaseScriptingObjects (0ms)
			CreateAndSetChildDomain (39ms)
		EndReloadAssembly (961ms)
			LoadAssemblies (95ms)
			RebuildTransferFunctionScriptingTraits (0ms)
			SetupTypeCache (272ms)
			ReleaseScriptCaches (2ms)
			RebuildScriptCaches (55ms)
			SetupLoadedEditorAssemblies (482ms)
				LogAssemblyErrors (0ms)
				InitializePlatformSupportModulesInManaged (11ms)
				SetLoadedEditorAssemblies (0ms)
				RefreshPlugins (1ms)
				BeforeProcessingInitializeOnLoad (94ms)
				ProcessInitializeOnLoadAttributes (273ms)
				ProcessInitializeOnLoadMethodAttributes (96ms)
				AfterProcessingInitializeOnLoad (6ms)
				EditorAssembliesLoaded (0ms)
			ExecutionOrderSort2 (0ms)
			AwakeInstancesAfterBackupRestoration (10ms)
Platform modules already initialized, skipping
Refreshing native plugins compatible for Editor in 2.44 ms, found 4 plugins.
Preloading 0 native plugins for Editor in 0.00 ms.
Unloading 5562 Unused Serialized files (Serialized files now loaded: 0)
Unloading 31 unused Assets / (0.8 MB). Loaded Objects now: 6346.
Memory consumption went from 216.8 MB to 216.0 MB.
Total: 4.329400 ms (FindLiveObjects: 0.469300 ms CreateObjectMapping: 0.386900 ms MarkObjects: 3.122700 ms  DeleteObjects: 0.349700 ms)

AssetImportParameters requested are different than current active one (requested -> active):
  custom:video-decoder-ogg-theora: a1e56fd34408186e4bbccfd4996cb3dc -> 
  custom:container-muxer-webm: aa71ff27fc2769a1b78a27578f13a17b -> 
  custom:container-demuxer-webm: 4f35f7cbe854078d1ac9338744f61a02 -> 
  custom:video-encoder-webm-vp8: eb34c28f22e8b96e1ab97ce403110664 -> 
  custom:audio-encoder-webm-vorbis: bf7c407c2cedff20999df2af8eb42d56 -> 
  custom:framework-win-MediaFoundation: 216162199b28c13a410421893ffa2e32 -> 
  custom:container-demuxer-ogg: 62fdf1f143b41e24485cea50d1cbac27 -> 
  custom:video-decoder-webm-vp8: 9c59270c3fd7afecdb556c50c9e8de78 -> 
  custom:audio-decoder-ogg-vorbis: bf7c407c2cedff20999df2af8eb42d56 -> 
========================================================================
Received Import Request.
  Time since last request: 61.518324 seconds.
  path: Assets/Scripts/Camera
  artifactKey: Guid(490f55dccbbb3964d9c32835465decc4) Importer(815301076,1909f56bfc062723c751e8b465ee728b)
Start importing Assets/Scripts/Camera using Guid(490f55dccbbb3964d9c32835465decc4) Importer(815301076,1909f56bfc062723c751e8b465ee728b)  -> (artifact id: '5254423a8b65389e0dd9d41665a0a1a7') in 0.019494 seconds 
========================================================================
Received Import Request.
  Time since last request: 23.438076 seconds.
  path: Assets/Scripts/Camera/ParallaxCamera.cs
  artifactKey: Guid(b9c5393a1d8e3714ab4af288c23ccf6c) Importer(815301076,1909f56bfc062723c751e8b465ee728b)
Start importing Assets/Scripts/Camera/ParallaxCamera.cs using Guid(b9c5393a1d8e3714ab4af288c23ccf6c) Importer(815301076,1909f56bfc062723c751e8b465ee728b)  -> (artifact id: '9584bc09023758d1cbec23d3a3c725e2') in 0.011759 seconds 
========================================================================
Received Import Request.
  Time since last request: 8.784782 seconds.
  path: Assets/Scripts/Camera/ParallaxCamera.cs
  artifactKey: Guid(b9c5393a1d8e3714ab4af288c23ccf6c) Importer(815301076,1909f56bfc062723c751e8b465ee728b)
Start importing Assets/Scripts/Camera/ParallaxCamera.cs using Guid(b9c5393a1d8e3714ab4af288c23ccf6c) Importer(815301076,1909f56bfc062723c751e8b465ee728b)  -> (artifact id: 'a3bc971eec3187e97707ee78dda2643d') in 0.003354 seconds 
========================================================================
Received Import Request.
  Time since last request: 28.276685 seconds.
  path: Assets/Scripts/Environment/ParallaxLayer.cs
  artifactKey: Guid(b6cfb959384d0d94eb57e9490c1307a9) Importer(815301076,1909f56bfc062723c751e8b465ee728b)
Start importing Assets/Scripts/Environment/ParallaxLayer.cs using Guid(b6cfb959384d0d94eb57e9490c1307a9) Importer(815301076,1909f56bfc062723c751e8b465ee728b)  -> (artifact id: 'e7d5f510f85f66a0b56311c5e2faa0cb') in 0.010931 seconds 
========================================================================
Received Import Request.
  Time since last request: 6.098572 seconds.
  path: Assets/Scripts/Environment/ParallaxLayer.cs
  artifactKey: Guid(b6cfb959384d0d94eb57e9490c1307a9) Importer(815301076,1909f56bfc062723c751e8b465ee728b)
Start importing Assets/Scripts/Environment/ParallaxLayer.cs using Guid(b6cfb959384d0d94eb57e9490c1307a9) Importer(815301076,1909f56bfc062723c751e8b465ee728b)  -> (artifact id: 'd6cea2ec32124fae193195de0b17250c') in 0.002029 seconds 
========================================================================
Received Prepare
Registering precompiled user dll's ...
Registered in 0.006202 seconds.
Begin MonoManager ReloadAssembly
Symbol file LoadedFromMemory doesn't match image C:\Users\user\OneDrive\Documents\GitHub New\The-Shrine\The Shrine\Library\PackageCache\com.unity.visualscripting@1.7.8\Editor\VisualScripting.Core\Dependencies\YamlDotNet\Unity.VisualScripting.YamlDotNet.dll
Symbol file LoadedFromMemory doesn't match image C:\Users\user\OneDrive\Documents\GitHub New\The-Shrine\The Shrine\Library\PackageCache\com.unity.visualscripting@1.7.8\Editor\VisualScripting.Core\Dependencies\DotNetZip\Unity.VisualScripting.IonicZip.dll
Native extension for WindowsStandalone target not found
Native extension for WebGL target not found
Refreshing native plugins compatible for Editor in 0.93 ms, found 4 plugins.
Preloading 0 native plugins for Editor in 0.00 ms.
Mono: successfully reloaded assembly
- Completed reload, in  1.194 seconds
Domain Reload Profiling:
	ReloadAssembly (1195ms)
		BeginReloadAssembly (134ms)
			ExecutionOrderSort (0ms)
			DisableScriptedObjects (6ms)
			BackupInstance (0ms)
			ReleaseScriptingObjects (0ms)
			CreateAndSetChildDomain (42ms)
		EndReloadAssembly (965ms)
			LoadAssemblies (93ms)
			RebuildTransferFunctionScriptingTraits (0ms)
			SetupTypeCache (277ms)
			ReleaseScriptCaches (3ms)
			RebuildScriptCaches (59ms)
			SetupLoadedEditorAssemblies (481ms)
				LogAssemblyErrors (0ms)
				InitializePlatformSupportModulesInManaged (12ms)
				SetLoadedEditorAssemblies (0ms)
				RefreshPlugins (1ms)
				BeforeProcessingInitializeOnLoad (94ms)
				ProcessInitializeOnLoadAttributes (277ms)
				ProcessInitializeOnLoadMethodAttributes (89ms)
				AfterProcessingInitializeOnLoad (7ms)
				EditorAssembliesLoaded (0ms)
			ExecutionOrderSort2 (0ms)
			AwakeInstancesAfterBackupRestoration (8ms)
Platform modules already initialized, skipping
Refreshing native plugins compatible for Editor in 3.11 ms, found 4 plugins.
Preloading 0 native plugins for Editor in 0.00 ms.
Unloading 5564 Unused Serialized files (Serialized files now loaded: 0)
Unloading 31 unused Assets / (0.8 MB). Loaded Objects now: 6363.
Memory consumption went from 216.9 MB to 216.1 MB.
Total: 4.164400 ms (FindLiveObjects: 0.457800 ms CreateObjectMapping: 0.533700 ms MarkObjects: 2.849700 ms  DeleteObjects: 0.322400 ms)

AssetImportParameters requested are different than current active one (requested -> active):
  custom:video-decoder-ogg-theora: a1e56fd34408186e4bbccfd4996cb3dc -> 
  custom:container-muxer-webm: aa71ff27fc2769a1b78a27578f13a17b -> 
  custom:container-demuxer-webm: 4f35f7cbe854078d1ac9338744f61a02 -> 
  custom:video-encoder-webm-vp8: eb34c28f22e8b96e1ab97ce403110664 -> 
  custom:audio-encoder-webm-vorbis: bf7c407c2cedff20999df2af8eb42d56 -> 
  custom:framework-win-MediaFoundation: 216162199b28c13a410421893ffa2e32 -> 
  custom:container-demuxer-ogg: 62fdf1f143b41e24485cea50d1cbac27 -> 
  custom:video-decoder-webm-vp8: 9c59270c3fd7afecdb556c50c9e8de78 -> 
  custom:audio-decoder-ogg-vorbis: bf7c407c2cedff20999df2af8eb42d56 -> 
